2025-12-15 16:35:31,203 - root - INFO - ============================================================
2025-12-15 16:35:31,203 - root - INFO - Data Collection Pipeline Initialized
2025-12-15 16:35:31,211 - root - INFO - Target year: 2023
2025-12-15 16:35:31,211 - root - INFO - ============================================================
2025-12-15 16:35:31,212 - root - INFO - Step 1: Collecting companies...
2025-12-15 16:35:31,212 - root - INFO - Searching companies by OKVED codes...
2025-12-15 16:35:31,212 - root - INFO - Searching for companies with OKVED codes: ['74.30', '62.01', '63.11', '58.11', '90.03']
2025-12-15 16:35:32,082 - root - WARNING - Attempt 1 failed for https://www.rusprofile.ru/search: 404 Client Error: Not Found for url: https://www.rusprofile.ru/search?query=74.30&type=okved&sort=capital_desc
2025-12-15 16:35:33,913 - root - WARNING - Attempt 2 failed for https://www.rusprofile.ru/search: 404 Client Error: Not Found for url: https://www.rusprofile.ru/search?query=74.30&type=okved&sort=capital_desc
2025-12-15 16:35:36,588 - root - WARNING - Attempt 3 failed for https://www.rusprofile.ru/search: 404 Client Error: Not Found for url: https://www.rusprofile.ru/search?query=74.30&type=okved&sort=capital_desc
2025-12-15 16:35:36,589 - root - ERROR - Failed to fetch https://www.rusprofile.ru/search after 3 attempts
2025-12-15 16:35:38,134 - root - WARNING - Attempt 1 failed for https://www.rusprofile.ru/search: 404 Client Error: Not Found for url: https://www.rusprofile.ru/search?query=62.01&type=okved&sort=capital_desc
2025-12-15 16:35:39,957 - root - WARNING - Attempt 2 failed for https://www.rusprofile.ru/search: 404 Client Error: Not Found for url: https://www.rusprofile.ru/search?query=62.01&type=okved&sort=capital_desc
2025-12-15 16:35:43,041 - root - WARNING - Attempt 3 failed for https://www.rusprofile.ru/search: 404 Client Error: Not Found for url: https://www.rusprofile.ru/search?query=62.01&type=okved&sort=capital_desc
2025-12-15 16:35:43,042 - root - ERROR - Failed to fetch https://www.rusprofile.ru/search after 3 attempts
2025-12-15 16:35:43,750 - root - WARNING - Attempt 1 failed for https://www.rusprofile.ru/search: 404 Client Error: Not Found for url: https://www.rusprofile.ru/search?query=63.11&type=okved&sort=capital_desc
2025-12-15 16:35:45,532 - root - WARNING - Attempt 2 failed for https://www.rusprofile.ru/search: 404 Client Error: Not Found for url: https://www.rusprofile.ru/search?query=63.11&type=okved&sort=capital_desc
2025-12-15 16:35:49,089 - root - WARNING - Attempt 3 failed for https://www.rusprofile.ru/search: 404 Client Error: Not Found for url: https://www.rusprofile.ru/search?query=63.11&type=okved&sort=capital_desc
2025-12-15 16:35:49,094 - root - ERROR - Failed to fetch https://www.rusprofile.ru/search after 3 attempts
2025-12-15 16:35:49,712 - root - WARNING - Attempt 1 failed for https://www.rusprofile.ru/search: 404 Client Error: Not Found for url: https://www.rusprofile.ru/search?query=58.11&type=okved&sort=capital_desc
2025-12-15 16:35:51,446 - root - WARNING - Attempt 2 failed for https://www.rusprofile.ru/search: 404 Client Error: Not Found for url: https://www.rusprofile.ru/search?query=58.11&type=okved&sort=capital_desc
2025-12-15 16:35:54,283 - root - WARNING - Attempt 3 failed for https://www.rusprofile.ru/search: 404 Client Error: Not Found for url: https://www.rusprofile.ru/search?query=58.11&type=okved&sort=capital_desc
2025-12-15 16:35:54,285 - root - ERROR - Failed to fetch https://www.rusprofile.ru/search after 3 attempts
2025-12-15 16:35:55,168 - root - WARNING - Attempt 1 failed for https://www.rusprofile.ru/search: 404 Client Error: Not Found for url: https://www.rusprofile.ru/search?query=90.03&type=okved&sort=capital_desc
2025-12-15 16:35:57,453 - root - WARNING - Attempt 2 failed for https://www.rusprofile.ru/search: 404 Client Error: Not Found for url: https://www.rusprofile.ru/search?query=90.03&type=okved&sort=capital_desc
2025-12-15 16:36:00,418 - root - WARNING - Attempt 3 failed for https://www.rusprofile.ru/search: 404 Client Error: Not Found for url: https://www.rusprofile.ru/search?query=90.03&type=okved&sort=capital_desc
2025-12-15 16:36:00,419 - root - ERROR - Failed to fetch https://www.rusprofile.ru/search after 3 attempts
2025-12-15 16:36:00,420 - root - INFO - Found 0 companies by OKVED
2025-12-15 16:36:04,589 - root - INFO - Searching companies by revenue threshold...
2025-12-15 16:37:20,681 - root - INFO - 
Pipeline interrupted by user
2025-12-15 16:40:29,931 - root - INFO - ============================================================
2025-12-15 16:40:29,932 - root - INFO - Data Collection Pipeline Initialized
2025-12-15 16:40:29,933 - root - INFO - Minimum revenue threshold: 100,000,000 ₽
2025-12-15 16:40:29,933 - root - INFO - Target year: 2023
2025-12-15 16:40:29,933 - root - INFO - ============================================================
2025-12-15 16:40:29,933 - root - INFO - Step 1: Collecting companies...
2025-12-15 16:40:29,933 - root - INFO - Searching companies by OKVED codes...
2025-12-15 16:40:29,933 - root - INFO - Searching for companies by keywords: ['переводческие услуги', 'локализация', 'перевод текстов', 'лингвистические услуги', 'translation services', 'переводчик']
2025-12-15 16:42:19,834 - root - INFO - Found 54 companies by OKVED
2025-12-15 16:42:24,094 - root - INFO - Searching companies by revenue threshold...
2025-12-15 16:46:10,828 - root - INFO - Found 0 companies by revenue
2025-12-15 16:46:15,823 - root - INFO - Collecting companies from list-org...
2025-12-15 16:48:33,779 - root - INFO - Found 0 companies from list-org
2025-12-15 16:48:33,780 - root - INFO - Removed 1 duplicates
2025-12-15 16:48:33,780 - root - INFO - Total unique companies collected: 53
2025-12-15 16:48:33,780 - root - INFO - Step 2: Parsing and normalizing company data...
2025-12-15 16:48:33,785 - root - INFO - Filtered 0 companies meeting criteria
2025-12-15 16:48:33,787 - root - INFO - Parsed and filtered to 0 companies
2025-12-15 16:48:33,788 - root - INFO - Step 3: Filtering companies by revenue threshold...
2025-12-15 16:48:33,788 - root - INFO - Step 4: Detecting CAT system usage...
2025-12-15 16:48:33,788 - root - WARNING - No companies to analyze for CAT systems
2025-12-15 16:48:33,788 - root - INFO - Step 5: Filtering companies with CAT evidence...
2025-12-15 16:48:33,788 - root - INFO - Step 6: Saving results...
2025-12-15 16:48:33,788 - root - WARNING - No companies to save
2025-12-15 16:48:33,789 - root - INFO - Step 7: Generating report...
2025-12-15 16:48:33,789 - root - WARNING - No data for report
2025-12-15 16:48:33,789 - root - INFO - ============================================================
2025-12-15 16:48:33,789 - root - INFO - Pipeline completed successfully!
2025-12-15 16:48:33,789 - root - INFO - ============================================================
