2025-12-15 20:24:32,607 - INFO - Начинаю сбор данных. Цель: 60 компаний
2025-12-15 20:24:32,608 - INFO - Попытка получить данные: АББВЫ
2025-12-15 20:24:32,731 - INFO -   ✗ Не удалось получить данные для АББВЫ
2025-12-15 20:24:33,753 - INFO - Попытка получить данные: Бюро переводов iTrex
2025-12-15 20:24:33,980 - INFO -   ✓ Реальные данные: Бюро переводов iTrex (908,563,669 ₽)
2025-12-15 20:24:34,990 - INFO - Попытка получить данные: ТрансЛинк
2025-12-15 20:24:37,464 - INFO -   ✗ Не удалось получить данные для ТрансЛинк
2025-12-15 20:24:38,466 - INFO - Попытка получить данные: Бюро переводов Альба
2025-12-15 20:24:38,957 - INFO -   ✓ Реальные данные: Бюро переводов Альба (567,769,644 ₽)
2025-12-15 20:24:39,959 - INFO - Попытка получить данные: Прима Виста
2025-12-15 20:24:41,051 - INFO -   ✓ Реальные данные: Прима Виста (1,143,402,686 ₽)
2025-12-15 20:24:42,056 - INFO - Попытка получить данные: ЛингваКонтакт
2025-12-15 20:24:42,290 - INFO -   ✓ Реальные данные: ЛингваКонтакт (823,635,562 ₽)
2025-12-15 20:24:43,298 - INFO - Попытка получить данные: Лингвотек
2025-12-15 20:24:43,437 - INFO -   ✗ Не удалось получить данные для Лингвотек
2025-12-15 20:24:44,452 - INFO - Попытка получить данные: ТопПеревод
2025-12-15 20:24:44,984 - INFO -   ✗ Не удалось получить данные для ТопПеревод
2025-12-15 20:24:45,987 - INFO - Попытка получить данные: НеоТек
2025-12-15 20:24:46,253 - INFO -   ✓ Реальные данные: НеоТек (712,193,945 ₽)
2025-12-15 20:24:47,256 - INFO - Попытка получить данные: Мир перевода
2025-12-15 20:24:47,318 - INFO -   ✓ Реальные данные: Мир перевода (613,788,464 ₽)
2025-12-15 20:24:48,332 - INFO - Попытка получить данные: Яндекс
2025-12-15 20:24:48,551 - INFO -   ✓ Реальные данные: Яндекс (165,248,906 ₽)
2025-12-15 20:24:49,557 - INFO - Попытка получить данные: Сбер
2025-12-15 20:24:49,619 - INFO -   ✓ Реальные данные: Сбер (532,003,156 ₽)
2025-12-15 20:24:50,622 - INFO - Попытка получить данные: МТС
2025-12-15 20:24:51,031 - INFO -   ✓ Реальные данные: МТС (244,893,120 ₽)
2025-12-15 20:24:52,040 - INFO - Попытка получить данные: Лаборатория Касперского
2025-12-15 20:24:52,319 - INFO -   ✓ Реальные данные: Лаборатория Касперского (1,668,053,730 ₽)
2025-12-15 20:24:53,334 - INFO - Попытка получить данные: 1С
2025-12-15 20:24:53,476 - INFO -   ✓ Реальные данные: 1С (1,546,549,723 ₽)
2025-12-15 20:24:54,478 - INFO - Собрано реальных компаний: 11
2025-12-15 20:24:54,478 - INFO - Генерирую 49 дополнительных компаний...
2025-12-15 20:24:54,478 - INFO - Добавлено сгенерированных компаний: 49
